Analysis & Synthesis report for same
Sun May 13 10:07:43 2012
Version 6.0 Build 202 06/20/2006 Service Pack 1 SJ Full Version


---------------------
; Table of Contents ;
---------------------
  1. Legal Notice
  2. Analysis & Synthesis Summary
  3. Analysis & Synthesis Settings
  4. Analysis & Synthesis Source Files Read
  5. Analysis & Synthesis Resource Usage Summary
  6. Analysis & Synthesis Resource Utilization by Entity
  7. General Register Statistics
  8. Analysis & Synthesis Messages



----------------
; Legal Notice ;
----------------
Copyright (C) 1991-2006 Altera Corporation
Your use of Altera Corporation's design tools, logic functions 
and other software and tools, and its AMPP partner logic 
functions, and any output files any of the foregoing 
(including device programming or simulation files), and any 
associated documentation or information are expressly subject 
to the terms and conditions of the Altera Program License 
Subscription Agreement, Altera MegaCore Function License 
Agreement, or other applicable license agreement, including, 
without limitation, that your use is for the sole purpose of 
programming logic devices manufactured by Altera and sold by 
Altera or its authorized distributors.  Please refer to the 
applicable agreement for further details.



+------------------------------------------------------------------------------------+
; Analysis & Synthesis Summary                                                       ;
+------------------------------------+-----------------------------------------------+
; Analysis & Synthesis Status        ; Successful - Sun May 13 10:07:43 2012         ;
; Quartus II Version                 ; 6.0 Build 202 06/20/2006 SP 1 SJ Full Version ;
; Revision Name                      ; same                                          ;
; Top-level Entity Name              ; same                                          ;
; Family                             ; Cyclone II                                    ;
; Total logic elements               ; 6                                             ;
; Total registers                    ; 6                                             ;
; Total pins                         ; 15                                            ;
; Total virtual pins                 ; 0                                             ;
; Total memory bits                  ; 0                                             ;
; Embedded Multiplier 9-bit elements ; 0                                             ;
; Total PLLs                         ; 0                                             ;
+------------------------------------+-----------------------------------------------+


+--------------------------------------------------------------------------------------------------------------+
; Analysis & Synthesis Settings                                                                                ;
+--------------------------------------------------------------------+--------------------+--------------------+
; Option                                                             ; Setting            ; Default Value      ;
+--------------------------------------------------------------------+--------------------+--------------------+
; Device                                                             ; EP2C8T144C8        ;                    ;
; Top-level entity name                                              ; same               ; same               ;
; Family name                                                        ; Cyclone II         ; Stratix            ;
; Use smart compilation                                              ; Off                ; Off                ;
; Restructure Multiplexers                                           ; Auto               ; Auto               ;
; Create Debugging Nodes for IP Cores                                ; Off                ; Off                ;
; Preserve fewer node names                                          ; On                 ; On                 ;
; Disable OpenCore Plus hardware evaluation                          ; Off                ; Off                ;
; Verilog Version                                                    ; Verilog_2001       ; Verilog_2001       ;
; VHDL Version                                                       ; VHDL93             ; VHDL93             ;
; State Machine Processing                                           ; Auto               ; Auto               ;
; Extract Verilog State Machines                                     ; On                 ; On                 ;
; Extract VHDL State Machines                                        ; On                 ; On                 ;
; Add Pass-Through Logic to Inferred RAMs                            ; On                 ; On                 ;
; DSP Block Balancing                                                ; Auto               ; Auto               ;
; Maximum DSP Block Usage                                            ; Unlimited          ; Unlimited          ;
; NOT Gate Push-Back                                                 ; On                 ; On                 ;
; Power-Up Don't Care                                                ; On                 ; On                 ;
; Remove Redundant Logic Cells                                       ; Off                ; Off                ;
; Remove Duplicate Registers                                         ; On                 ; On                 ;
; Ignore CARRY Buffers                                               ; Off                ; Off                ;
; Ignore CASCADE Buffers                                             ; Off                ; Off                ;
; Ignore GLOBAL Buffers                                              ; Off                ; Off                ;
; Ignore ROW GLOBAL Buffers                                          ; Off                ; Off                ;
; Ignore LCELL Buffers                                               ; Off                ; Off                ;
; Ignore SOFT Buffers                                                ; On                 ; On                 ;
; Limit AHDL Integers to 32 Bits                                     ; Off                ; Off                ;
; Optimization Technique -- Cyclone II                               ; Balanced           ; Balanced           ;
; Carry Chain Length -- Stratix/Stratix GX/Cyclone/MAX II/Cyclone II ; 70                 ; 70                 ;
; Auto Carry Chains                                                  ; On                 ; On                 ;
; Auto Open-Drain Pins                                               ; On                 ; On                 ;
; Remove Duplicate Logic                                             ; On                 ; On                 ;
; Perform WYSIWYG Primitive Resynthesis                              ; Off                ; Off                ;
; Perform gate-level register retiming                               ; Off                ; Off                ;
; Allow register retiming to trade off Tsu/Tco with Fmax             ; On                 ; On                 ;
; Auto ROM Replacement                                               ; On                 ; On                 ;
; Auto RAM Replacement                                               ; On                 ; On                 ;
; Auto Shift Register Replacement                                    ; On                 ; On                 ;
; Auto Clock Enable Replacement                                      ; On                 ; On                 ;
; Allow Synchronous Control Signals                                  ; On                 ; On                 ;
; Force Use of Synchronous Clear Signals                             ; Off                ; Off                ;
; Auto Resource Sharing                                              ; Off                ; Off                ;
; Allow Any RAM Size For Recognition                                 ; Off                ; Off                ;
; Allow Any ROM Size For Recognition                                 ; Off                ; Off                ;
; Allow Any Shift Register Size For Recognition                      ; Off                ; Off                ;
; Maximum Number of M4K Memory Blocks                                ; Unlimited          ; Unlimited          ;
; Ignore translate_off and translate_on Synthesis Directives         ; Off                ; Off                ;
; Show Parameter Settings Tables in Synthesis Report                 ; On                 ; On                 ;
; Ignore Maximum Fan-Out Assignments                                 ; Off                ; Off                ;
; Retiming Meta-Stability Register Sequence Length                   ; 2                  ; 2                  ;
; PowerPlay Power Optimization                                       ; Normal compilation ; Normal compilation ;
; HDL message level                                                  ; Level2             ; Level2             ;
+--------------------------------------------------------------------+--------------------+--------------------+


+-----------------------------------------------------------------------------------------------------------------+
; Analysis & Synthesis Source Files Read                                                                          ;
+----------------------------------+-----------------+---------------+--------------------------------------------+
; File Name with User-Entered Path ; Used in Netlist ; File Type     ; File Name with Absolute Path               ;
+----------------------------------+-----------------+---------------+--------------------------------------------+
; same.bdf                         ; yes             ; Other         ; I:/pro/wdgb_same/same.bdf                  ;
; 7474.bdf                         ; yes             ; Megafunction  ; e:/wdgb/libraries/others/maxplus2/7474.bdf ;
+----------------------------------+-----------------+---------------+--------------------------------------------+


+-----------------------------------------------------+
; Analysis & Synthesis Resource Usage Summary         ;
+---------------------------------------------+-------+
; Resource                                    ; Usage ;
+---------------------------------------------+-------+
; Estimated Total logic elements              ; 6     ;
; Total combinational functions               ; 5     ;
; Logic element usage by number of LUT inputs ;       ;
;     -- 4 input functions                    ; 3     ;
;     -- 3 input functions                    ; 1     ;
;     -- <=2 input functions                  ; 1     ;
;         -- Combinational cells for routing  ; 0     ;
; Logic elements by mode                      ;       ;
;     -- normal mode                          ; 5     ;
;     -- arithmetic mode                      ; 0     ;
; Total registers                             ; 6     ;
; I/O pins                                    ; 15    ;
; Maximum fan-out node                        ; inst7 ;
; Maximum fan-out                             ; 6     ;
; Total fan-out                               ; 30    ;
; Average fan-out                             ; 1.15  ;
+---------------------------------------------+-------+


+---------------------------------------------------------------------------------------------------------------------------------------------------------------------+
; Analysis & Synthesis Resource Utilization by Entity                                                                                                                 ;
+----------------------------+-------------------+--------------+-------------+------+--------------+---------+-----------+------+--------------+---------------------+
; Compilation Hierarchy Node ; LC Combinationals ; LC Registers ; Memory Bits ; M4Ks ; DSP Elements ; DSP 9x9 ; DSP 18x18 ; Pins ; Virtual Pins ; Full Hierarchy Name ;
+----------------------------+-------------------+--------------+-------------+------+--------------+---------+-----------+------+--------------+---------------------+
; |same                      ; 5 (5)             ; 6 (0)        ; 0           ; 0    ; 0            ; 0       ; 0         ; 15   ; 0            ; |same               ;
;    |7474:inst17|           ; 0 (0)             ; 1 (1)        ; 0           ; 0    ; 0            ; 0       ; 0         ; 0    ; 0            ; |same|7474:inst17   ;
;    |7474:inst1|            ; 0 (0)             ; 1 (1)        ; 0           ; 0    ; 0            ; 0       ; 0         ; 0    ; 0            ; |same|7474:inst1    ;
;    |7474:inst2|            ; 0 (0)             ; 1 (1)        ; 0           ; 0    ; 0            ; 0       ; 0         ; 0    ; 0            ; |same|7474:inst2    ;
;    |7474:inst3|            ; 0 (0)             ; 1 (1)        ; 0           ; 0    ; 0            ; 0       ; 0         ; 0    ; 0            ; |same|7474:inst3    ;
;    |7474:inst4|            ; 0 (0)             ; 1 (1)        ; 0           ; 0    ; 0            ; 0       ; 0         ; 0    ; 0            ; |same|7474:inst4    ;
;    |7474:inst|             ; 0 (0)             ; 1 (1)        ; 0           ; 0    ; 0            ; 0       ; 0         ; 0    ; 0            ; |same|7474:inst     ;
+----------------------------+-------------------+--------------+-------------+------+--------------+---------+-----------+------+--------------+---------------------+
Note: For table entries with two numbers listed, the numbers in parentheses indicate the number of resources of the given type used by the specific entity alone. The numbers listed outside of parentheses indicate the total resources of the given type used by the specific entity and all of its sub-entities in the hierarchy.


+------------------------------------------------------+
; General Register Statistics                          ;
+----------------------------------------------+-------+
; Statistic                                    ; Value ;
+----------------------------------------------+-------+
; Total registers                              ; 6     ;
; Number of registers using Synchronous Clear  ; 0     ;
; Number of registers using Synchronous Load   ; 0     ;
; Number of registers using Asynchronous Clear ; 0     ;
; Number of registers using Asynchronous Load  ; 0     ;
; Number of registers using Clock Enable       ; 0     ;
; Number of registers using Preset             ; 0     ;
+----------------------------------------------+-------+


+-------------------------------+
; Analysis & Synthesis Messages ;
+-------------------------------+
Info: *******************************************************************
Info: Running Quartus II Analysis & Synthesis
    Info: Version 6.0 Build 202 06/20/2006 Service Pack 1 SJ Full Version
    Info: Processing started: Sun May 13 10:07:41 2012
Info: Command: quartus_map --read_settings_files=on --write_settings_files=off same -c same
Warning: Can't analyze file -- file I:/pro/wdgb_same/same6.bdf is missing
Warning: Using design file same.bdf, which is not specified as a design file for the current project, but contains definitions for 1 design units and 1 entities in project
    Info: Found entity 1: same
Info: Elaborating entity "same" for the top level hierarchy
Warning: Port "2D" of type 7474 and instance "inst2" is missing source signal
Warning: Port "2PRN" of type 7474 and instance "inst2" is missing source signal
Warning: Port "1PRN" of type 7474 and instance "inst2" is missing source signal
Warning: Port "2CLK" of type 7474 and instance "inst2" is missing source signal
Warning: Port "2CLRN" of type 7474 and instance "inst2" is missing source signal
Warning: Port "1CLRN" of type 7474 and instance "inst2" is missing source signal
Warning: Port "2D" of type 7474 and instance "inst" is missing source signal
Warning: Port "2PRN" of type 7474 and instance "inst" is missing source signal
Warning: Port "1PRN" of type 7474 and instance "inst" is missing source signal
Warning: Port "2CLK" of type 7474 and instance "inst" is missing source signal
Warning: Port "2CLRN" of type 7474 and instance "inst" is missing source signal
Warning: Port "1CLRN" of type 7474 and instance "inst" is missing source signal
Warning: Port "2D" of type 7474 and instance "inst1" is missing source signal
Warning: Port "2PRN" of type 7474 and instance "inst1" is missing source signal
Warning: Port "1PRN" of type 7474 and instance "inst1" is missing source signal
Warning: Port "2CLK" of type 7474 and instance "inst1" is missing source signal
Warning: Port "2CLRN" of type 7474 and instance "inst1" is missing source signal
Warning: Port "1CLRN" of type 7474 and instance "inst1" is missing source signal
Warning: Port "2D" of type 7474 and instance "inst3" is missing source signal
Warning: Port "2PRN" of type 7474 and instance "inst3" is missing source signal
Warning: Port "1PRN" of type 7474 and instance "inst3" is missing source signal
Warning: Port "2CLK" of type 7474 and instance "inst3" is missing source signal
Warning: Port "2CLRN" of type 7474 and instance "inst3" is missing source signal
Warning: Port "1CLRN" of type 7474 and instance "inst3" is missing source signal
Warning: Port "2D" of type 7474 and instance "inst4" is missing source signal
Warning: Port "2PRN" of type 7474 and instance "inst4" is missing source signal
Warning: Port "1PRN" of type 7474 and instance "inst4" is missing source signal
Warning: Port "2CLK" of type 7474 and instance "inst4" is missing source signal
Warning: Port "2CLRN" of type 7474 and instance "inst4" is missing source signal
Warning: Port "1CLRN" of type 7474 and instance "inst4" is missing source signal
Warning: Port "2D" of type 7474 and instance "inst17" is missing source signal
Warning: Port "2PRN" of type 7474 and instance "inst17" is missing source signal
Warning: Port "1PRN" of type 7474 and instance "inst17" is missing source signal
Warning: Port "2CLK" of type 7474 and instance "inst17" is missing source signal
Warning: Port "2CLRN" of type 7474 and instance "inst17" is missing source signal
Warning: Port "1CLRN" of type 7474 and instance "inst17" is missing source signal
Info: Found 1 design units, including 1 entities, in source file e:/wdgb/libraries/others/maxplus2/7474.bdf
    Info: Found entity 1: 7474
Info: Elaborating entity "7474" for hierarchy "7474:inst2"
Info: Elaborated megafunction instantiation "7474:inst2"
Info: Implemented 26 device resources after synthesis - the final resource count might be different
    Info: Implemented 14 input pins
    Info: Implemented 1 output pins
    Info: Implemented 11 logic cells
Info: Quartus II Analysis & Synthesis was successful. 0 errors, 38 warnings
    Info: Processing ended: Sun May 13 10:07:43 2012
    Info: Elapsed time: 00:00:03


